<?xml version="1.0" encoding="UTF-8"?>
<!-- Generated by org.testng.reporters.JUnitXMLReporter -->
<testsuite ignored="0" hostname="WINDOWS-PAQN9I2" failures="1" tests="1" name="Default test(failed)" time="0.628" errors="0" timestamp="2024-10-14T20:23:04 IST">
  <testcase classname="testng.Assertions" name="testTitle" time="0.24">
    <failure type="junit.framework.ComparisonFailure" message="expected:&amp;lt;...cart&amp;gt; but was:&amp;lt;...shop&amp;gt;">
      <![CDATA[junit.framework.ComparisonFailure: expected:<...cart> but was:<...shop>
at junit.framework.Assert.assertEquals(Assert.java:81)
at junit.framework.Assert.assertEquals(Assert.java:87)
at testng.Assertions.testTitle(Assertions.java:20)
at java.base/java.util.ArrayList.forEach(ArrayList.java:1597)
... Removed 25 stack frames]]>
    </failure>
  </testcase> <!-- testTitle -->
</testsuite> <!-- Default test(failed) -->
