<?xml version="1.0" encoding="UTF-8"?>
<!-- Generated by org.testng.reporters.JUnitXMLReporter -->
<testsuite ignored="0" hostname="WINDOWS-PAQN9I2" failures="0" tests="3" name="my tests1" time="0.032" errors="0" timestamp="2024-09-21T09:44:38 IST">
  <testcase classname="testng.ParamTest" name="@BeforeClass Setup" time="-1.72689207857E9">
    <failure type="org.testng.TestNGException" message="
Can inject only one of &amp;lt;ITestContext, XmlTest&amp;gt; into a @BeforeClass annotated Setup.
For more information on native dependency injection please refer to https://testng.org/doc/documentation-main.html#native-dependency-injection">
      <![CDATA[org.testng.TestNGException: 
Can inject only one of <ITestContext, XmlTest> into a @BeforeClass annotated Setup.
For more information on native dependency injection please refer to https://testng.org/doc/documentation-main.html#native-dependency-injection
at java.base/java.util.ArrayList.forEach(ArrayList.java:1597)
... Removed 22 stack frames]]>
    </failure>
  </testcase> <!-- @BeforeClass Setup -->
  <testcase classname="testng.ParamTest" name="@AfterClass tearDown" time="-1.726892078595E9">
    <skipped/>
  </testcase> <!-- @AfterClass tearDown -->
  <testcase classname="testng.ParamTest" name="testLogo" time="0.0">
    <skipped/>
  </testcase> <!-- testLogo -->
  <testcase classname="testng.ParamTest" name="testTitle" time="0.0">
    <skipped/>
  </testcase> <!-- testTitle -->
  <testcase classname="testng.ParamTest" name="testURL" time="0.0">
    <skipped/>
  </testcase> <!-- testURL -->
</testsuite> <!-- my tests1 -->
