<?xml version="1.0" encoding="UTF-8"?>
<!-- Generated by org.testng.reporters.JUnitXMLReporter -->
<testsuite ignored="6" hostname="WINDOWS-PAQN9I2" failures="0" tests="2" name="groupingtests" time="0.098" errors="0" timestamp="2024-09-19T13:40:57 IST">
  <testcase classname="testng.PaymentTest" name="paymentInRs" time="0.02"/>
  <testcase classname="testng.PaymentTest" name="paymentInDollors" time="0.005"/>
  <testcase classname="testng.SignupTest" name="signupnByEmail" time="0.0">
    <ignored/>
  </testcase> <!-- signupnByEmail -->
  <testcase classname="testng.SignupTest" name="signupByFacebook" time="0.0">
    <ignored/>
  </testcase> <!-- signupByFacebook -->
  <testcase classname="testng.SignupTest" name="signupByTwitter" time="0.0">
    <ignored/>
  </testcase> <!-- signupByTwitter -->
  <testcase classname="testng.login" name="loginByTwitter" time="0.0">
    <ignored/>
  </testcase> <!-- loginByTwitter -->
  <testcase classname="testng.login" name="loginByFacebook" time="0.0">
    <ignored/>
  </testcase> <!-- loginByFacebook -->
  <testcase classname="testng.login" name="loginByEmail" time="0.0">
    <ignored/>
  </testcase> <!-- loginByEmail -->
</testsuite> <!-- groupingtests -->
